app/build/intermediates/manifest_merge_blame_file/debug/manifest-merger-blame-debug-report.txt
1<?xml version="1.0" encoding="utf-8"?>
2<manifest xmlns:android="http://schemas.android.com/apk/res/android"
3    package="com.project.onlinevotingsystem"
4    android:versionCode="1"
5    android:versionName="1.75.325_alpha" >
6
7    <uses-sdk
8        android:minSdkVersion="28"
8-->src\main\AndroidManifest.xml
9        android:targetSdkVersion="33" />
9-->src\main\AndroidManifest.xml
10
11    <uses-permission android:name="android.permission.INTERNET" />
11-->src\main\AndroidManifest.xml:4:5-66
11-->src\main\AndroidManifest.xml:4:22-64
12
13    <!-- Although the *SdkVersion is captured in gradle build files, this is required for non gradle builds -->
14    <!-- <uses-sdk android:minSdkVersion="14" /> -->
15    <uses-permission android:name="android.permission.ACCESS_NETWORK_STATE" />
15-->[com.google.firebase:firebase-firestore:24.4.3] AndroidManifest.xml:12:5-79
15-->[com.google.firebase:firebase-firestore:24.4.3] AndroidManifest.xml:12:22-76
16
17    <permission
17-->[androidx.core:core:1.9.0] AndroidManifest.xml:22:5-24:47
18        android:name="com.project.onlinevotingsystem.DYNAMIC_RECEIVER_NOT_EXPORTED_PERMISSION"
18-->[androidx.core:core:1.9.0] AndroidManifest.xml:23:9-81
19        android:protectionLevel="signature" />
19-->[androidx.core:core:1.9.0] AndroidManifest.xml:24:9-44
20
21    <uses-permission android:name="com.project.onlinevotingsystem.DYNAMIC_RECEIVER_NOT_EXPORTED_PERMISSION" />
21-->[androidx.core:core:1.9.0] AndroidManifest.xml:26:5-97
21-->[androidx.core:core:1.9.0] AndroidManifest.xml:26:22-94
22
23    <application
23-->src\main\AndroidManifest.xml:5:5-33:19
24        android:allowBackup="true"
24-->src\main\AndroidManifest.xml:6:9-35
25        android:appComponentFactory="androidx.core.app.CoreComponentFactory"
25-->[androidx.core:core:1.9.0] AndroidManifest.xml:28:18-86
26        android:dataExtractionRules="@xml/data_extraction_rules"
26-->src\main\AndroidManifest.xml:7:9-65
27        android:debuggable="true"
28        android:extractNativeLibs="false"
29        android:fullBackupContent="@xml/backup_rules"
29-->src\main\AndroidManifest.xml:8:9-54
30        android:icon="@mipmap/icon"
30-->src\main\AndroidManifest.xml:9:9-36
31        android:label="@string/app_name"
31-->src\main\AndroidManifest.xml:10:9-41
32        android:supportsRtl="true"
32-->src\main\AndroidManifest.xml:11:9-35
33        android:testOnly="true"
34        android:theme="@style/Theme.OnlineVotingSystem" >
34-->src\main\AndroidManifest.xml:12:9-56
35        <activity
35-->src\main\AndroidManifest.xml:14:9-16:40
36            android:name="com.project.onlinevotingsystem.Navigation_HomeActivity"
36-->src\main\AndroidManifest.xml:15:13-52
37            android:exported="false" />
37-->src\main\AndroidManifest.xml:16:13-37
38        <activity
38-->src\main\AndroidManifest.xml:17:9-25:20
39            android:name="com.project.onlinevotingsystem.SplashActivity"
39-->src\main\AndroidManifest.xml:18:13-43
40            android:exported="true" >
40-->src\main\AndroidManifest.xml:19:13-36
41            <intent-filter>
41-->src\main\AndroidManifest.xml:20:13-24:29
42                <action android:name="android.intent.action.MAIN" />
42-->src\main\AndroidManifest.xml:21:17-69
42-->src\main\AndroidManifest.xml:21:25-66
43
44                <category android:name="android.intent.category.LAUNCHER" />
44-->src\main\AndroidManifest.xml:23:17-77
44-->src\main\AndroidManifest.xml:23:27-74
45            </intent-filter>
46        </activity>
47        <activity
47-->src\main\AndroidManifest.xml:26:9-28:40
48            android:name="com.project.onlinevotingsystem.MainActivity"
48-->src\main\AndroidManifest.xml:27:13-41
49            android:exported="false" />
49-->src\main\AndroidManifest.xml:28:13-37
50
51        <meta-data
51-->src\main\AndroidManifest.xml:30:9-32:57
52            android:name="preloaded_fonts"
52-->src\main\AndroidManifest.xml:31:13-43
53            android:resource="@array/preloaded_fonts" />
53-->src\main\AndroidManifest.xml:32:13-54
54
55        <service
55-->[com.google.firebase:firebase-firestore:24.4.3] AndroidManifest.xml:16:9-22:19
56            android:name="com.google.firebase.components.ComponentDiscoveryService"
56-->[com.google.firebase:firebase-firestore:24.4.3] AndroidManifest.xml:17:13-84
57            android:directBootAware="true"
57-->[com.google.firebase:firebase-common:20.2.0] AndroidManifest.xml:34:13-43
58            android:exported="false" >
58-->[com.google.firebase:firebase-firestore:24.4.3] AndroidManifest.xml:18:13-37
59            <meta-data
59-->[com.google.firebase:firebase-firestore:24.4.3] AndroidManifest.xml:19:13-21:85
60                android:name="com.google.firebase.components:com.google.firebase.firestore.FirestoreRegistrar"
60-->[com.google.firebase:firebase-firestore:24.4.3] AndroidManifest.xml:20:17-111
61                android:value="com.google.firebase.components.ComponentRegistrar" />
61-->[com.google.firebase:firebase-firestore:24.4.3] AndroidManifest.xml:21:17-82
62            <meta-data
62-->[com.google.firebase:firebase-storage:20.1.0] AndroidManifest.xml:32:13-34:85
63                android:name="com.google.firebase.components:com.google.firebase.storage.StorageRegistrar"
63-->[com.google.firebase:firebase-storage:20.1.0] AndroidManifest.xml:33:17-107
64                android:value="com.google.firebase.components.ComponentRegistrar" />
64-->[com.google.firebase:firebase-storage:20.1.0] AndroidManifest.xml:34:17-82
65        </service>
66
67        <provider
67-->[com.google.firebase:firebase-common:20.2.0] AndroidManifest.xml:25:9-30:39
68            android:name="com.google.firebase.provider.FirebaseInitProvider"
68-->[com.google.firebase:firebase-common:20.2.0] AndroidManifest.xml:26:13-77
69            android:authorities="com.project.onlinevotingsystem.firebaseinitprovider"
69-->[com.google.firebase:firebase-common:20.2.0] AndroidManifest.xml:27:13-72
70            android:directBootAware="true"
70-->[com.google.firebase:firebase-common:20.2.0] AndroidManifest.xml:28:13-43
71            android:exported="false"
71-->[com.google.firebase:firebase-common:20.2.0] AndroidManifest.xml:29:13-37
72            android:initOrder="100" />
72-->[com.google.firebase:firebase-common:20.2.0] AndroidManifest.xml:30:13-36
73
74        <activity
74-->[com.google.android.gms:play-services-base:18.0.1] AndroidManifest.xml:20:9-22:45
75            android:name="com.google.android.gms.common.api.GoogleApiActivity"
75-->[com.google.android.gms:play-services-base:18.0.1] AndroidManifest.xml:20:19-85
76            android:exported="false"
76-->[com.google.android.gms:play-services-base:18.0.1] AndroidManifest.xml:22:19-43
77            android:theme="@android:style/Theme.Translucent.NoTitleBar" />
77-->[com.google.android.gms:play-services-base:18.0.1] AndroidManifest.xml:21:19-78
78
79        <meta-data
79-->[com.google.android.gms:play-services-basement:18.1.0] AndroidManifest.xml:21:9-23:69
80            android:name="com.google.android.gms.version"
80-->[com.google.android.gms:play-services-basement:18.1.0] AndroidManifest.xml:22:13-58
81            android:value="@integer/google_play_services_version" />
81-->[com.google.android.gms:play-services-basement:18.1.0] AndroidManifest.xml:23:13-66
82
83        <provider
83-->[com.squareup.picasso:picasso:2.71828] AndroidManifest.xml:8:9-11:40
84            android:name="com.squareup.picasso.PicassoProvider"
84-->[com.squareup.picasso:picasso:2.71828] AndroidManifest.xml:9:13-64
85            android:authorities="com.project.onlinevotingsystem.com.squareup.picasso"
85-->[com.squareup.picasso:picasso:2.71828] AndroidManifest.xml:10:13-72
86            android:exported="false" />
86-->[com.squareup.picasso:picasso:2.71828] AndroidManifest.xml:11:13-37
87        <provider
87-->[androidx.emoji2:emoji2:1.2.0] AndroidManifest.xml:24:9-32:20
88            android:name="androidx.startup.InitializationProvider"
88-->[androidx.emoji2:emoji2:1.2.0] AndroidManifest.xml:25:13-67
89            android:authorities="com.project.onlinevotingsystem.androidx-startup"
89-->[androidx.emoji2:emoji2:1.2.0] AndroidManifest.xml:26:13-68
90            android:exported="false" >
90-->[androidx.emoji2:emoji2:1.2.0] AndroidManifest.xml:27:13-37
91            <meta-data
91-->[androidx.emoji2:emoji2:1.2.0] AndroidManifest.xml:29:13-31:52
92                android:name="androidx.emoji2.text.EmojiCompatInitializer"
92-->[androidx.emoji2:emoji2:1.2.0] AndroidManifest.xml:30:17-75
93                android:value="androidx.startup" />
93-->[androidx.emoji2:emoji2:1.2.0] AndroidManifest.xml:31:17-49
94            <meta-data
94-->[androidx.lifecycle:lifecycle-process:2.4.1] AndroidManifest.xml:31:13-33:52
95                android:name="androidx.lifecycle.ProcessLifecycleInitializer"
95-->[androidx.lifecycle:lifecycle-process:2.4.1] AndroidManifest.xml:32:17-78
96                android:value="androidx.startup" />
96-->[androidx.lifecycle:lifecycle-process:2.4.1] AndroidManifest.xml:33:17-49
97        </provider>
98
99        <uses-library
99-->[androidx.window:window:1.0.0] AndroidManifest.xml:25:9-27:40
100            android:name="androidx.window.extensions"
100-->[androidx.window:window:1.0.0] AndroidManifest.xml:26:13-54
101            android:required="false" />
101-->[androidx.window:window:1.0.0] AndroidManifest.xml:27:13-37
102        <uses-library
102-->[androidx.window:window:1.0.0] AndroidManifest.xml:28:9-30:40
103            android:name="androidx.window.sidecar"
103-->[androidx.window:window:1.0.0] AndroidManifest.xml:29:13-51
104            android:required="false" />
104-->[androidx.window:window:1.0.0] AndroidManifest.xml:30:13-37
105    </application>
106
107</manifest>